#
# There is insufficient memory for the Java Runtime Environment to continue.
# Cannot create GC thread. Out of system resources.
# Possible reasons:
#   The system is out of physical RAM or swap space
#   In 32 bit mode, the process size limit was hit
# Possible solutions:
#   Reduce memory load on the system
#   Increase physical memory or swap space
#   Check if swap backing store is full
#   Use 64 bit Java on a 64 bit OS
#   Decrease Java heap size (-Xmx/-Xms)
#   Decrease number of Java threads
#   Decrease Java thread stack sizes (-Xss)
#   Set larger code cache with -XX:ReservedCodeCacheSize=
# This output file may be truncated or incomplete.
#
#  Out of Memory Error (gcTaskThread.cpp:48), pid=5104, tid=22064
#
# JRE version:  (8.0_60-b27) (build )
# Java VM: Java HotSpot(TM) 64-Bit Server VM (25.60-b23 mixed mode windows-amd64 compressed oops)
# Failed to write core dump. Minidumps are not enabled by default on client versions of Windows
#

---------------  T H R E A D  ---------------

Current thread (0x000000000332d800):  JavaThread "Unknown thread" [_thread_in_vm, id=22064, stack(0x0000000003330000,0x0000000003430000)]

Stack: [0x0000000003330000,0x0000000003430000]
[error occurred during error reporting (printing stack bounds), id 0xc0000005]

Native frames: (J=compiled Java code, j=interpreted, Vv=VM code, C=native code)


---------------  P R O C E S S  ---------------

Java Threads: ( => current thread )

Other Threads:

=>0x000000000332d800 (exited) JavaThread "Unknown thread" [_thread_in_vm, id=22064, stack(0x0000000003330000,0x0000000003430000)]

VM state:not at safepoint (not fully initialized)

VM Mutex/Monitor currently owned by a thread: None

GC Heap History (0 events):
No events

Deoptimization events (0 events):
No events

Internal exceptions (0 events):
No events

Events (0 events):
No events


Dynamic libraries:
0x00007ff619ab0000 - 0x00007ff619ae7000 	G:\Program Files\Java\jdk1.8.0_60\bin\java.exe
0x00007ff990800000 - 0x00007ff9909c1000 	C:\WINDOWS\SYSTEM32\ntdll.dll
0x00007ff98e790000 - 0x00007ff98e83d000 	C:\WINDOWS\system32\KERNEL32.DLL
0x00007ff98dcd0000 - 0x00007ff98dead000 	C:\WINDOWS\system32\KERNELBASE.dll
0x00007ff98e5a0000 - 0x00007ff98e646000 	C:\WINDOWS\system32\ADVAPI32.dll
0x00007ff98e110000 - 0x00007ff98e1ad000 	C:\WINDOWS\system32\msvcrt.dll
0x00007ff9903d0000 - 0x00007ff99042b000 	C:\WINDOWS\system32\sechost.dll
0x00007ff9906c0000 - 0x00007ff9907e6000 	C:\WINDOWS\system32\RPCRT4.dll
0x00007ff990280000 - 0x00007ff9903ce000 	C:\WINDOWS\system32\USER32.dll
0x00007ff98ea30000 - 0x00007ff98ebb6000 	C:\WINDOWS\system32\GDI32.dll
0x00007ff97ef70000 - 0x00007ff97f1e4000 	C:\WINDOWS\WinSxS\amd64_microsoft.windows.common-controls_6595b64144ccf1df_6.0.10240.16384_none_f41f7b285750ef43\COMCTL32.dll
0x00007ff98e9f0000 - 0x00007ff98ea26000 	C:\WINDOWS\system32\IMM32.DLL
0x00007ff9904a0000 - 0x00007ff9905fc000 	C:\WINDOWS\system32\MSCTF.dll
0x0000000054bb0000 - 0x0000000054c82000 	G:\Program Files\Java\jdk1.8.0_60\jre\bin\msvcr100.dll
0x0000000054f70000 - 0x00000000557f9000 	G:\Program Files\Java\jdk1.8.0_60\jre\bin\server\jvm.dll
0x00007ff9907f0000 - 0x00007ff9907f8000 	C:\WINDOWS\system32\PSAPI.DLL
0x00007ff983b00000 - 0x00007ff983b09000 	C:\WINDOWS\SYSTEM32\WSOCK32.dll
0x00007ff990430000 - 0x00007ff990499000 	C:\WINDOWS\system32\WS2_32.dll
0x00007ff98e0f0000 - 0x00007ff98e0f8000 	C:\WINDOWS\system32\NSI.dll
0x00007ff98b240000 - 0x00007ff98b263000 	C:\WINDOWS\SYSTEM32\WINMM.dll
0x00007ff98a4f0000 - 0x00007ff98a4fa000 	C:\WINDOWS\SYSTEM32\VERSION.dll
0x0000000001250000 - 0x000000000127c000 	C:\WINDOWS\SYSTEM32\WINMMBASE.dll
0x00007ff98d2b0000 - 0x00007ff98d2f4000 	C:\WINDOWS\system32\cfgmgr32.dll
0x00007ff98bae0000 - 0x00007ff98bb07000 	C:\WINDOWS\SYSTEM32\DEVOBJ.dll
0x00000000563f0000 - 0x00000000563ff000 	G:\Program Files\Java\jdk1.8.0_60\jre\bin\verify.dll
0x00000000563c0000 - 0x00000000563e9000 	G:\Program Files\Java\jdk1.8.0_60\jre\bin\java.dll
0x00000000563a0000 - 0x00000000563b6000 	G:\Program Files\Java\jdk1.8.0_60\jre\bin\zip.dll

VM Arguments:
jvm_args: -Xmx1024M -Dfile.encoding=GBK -Duser.country=CN -Duser.language=zh -Duser.variant 
java_command: com.android.dx.command.Main --dex --output F:\androidproject\PlasmaTabletADSCM\app\build\intermediates\pre-dexed\debug\classes-5863ced4b9e716e862bdd820b619eaf96e028b71.jar F:\androidproject\PlasmaTabletADSCM\app\build\intermediates\exploded-aar\com.android.support\support-v13\20.0.0\jars\classes.jar
java_class_path (initial): D:\Android\sdk\build-tools\21.1.1\lib\dx.jar
Launcher Type: SUN_STANDARD

Environment Variables:
JAVA_HOME=G:\Program Files\Java\jdk1.8.0_60
PATH=G:\Python34\Lib\site-packages\PyQt5;C:\ProgramData\Oracle\Java\javapath;C:\WINDOWS\system32;C:\WINDOWS;C:\WINDOWS\System32\Wbem;C:\WINDOWS\System32\WindowsPowerShell\v1.0\;G:\Program Files\Java\jdk1.8.0_60\bin;G:\Python34;D:\Android\sdk\platform-tools
USERNAME=Administrator
OS=Windows_NT
PROCESSOR_IDENTIFIER=Intel64 Family 6 Model 60 Stepping 3, GenuineIntel



---------------  S Y S T E M  ---------------

OS: Windows 10.0 , 64 bit Build 10240 (10.0.10240.16384)

CPU:total 8 (4 cores per cpu, 2 threads per core) family 6 model 60 stepping 3, cmov, cx8, fxsr, mmx, sse, sse2, sse3, ssse3, sse4.1, sse4.2, popcnt, avx, avx2, aes, clmul, erms, lzcnt, ht, tsc, tscinvbit, bmi1, bmi2

Memory: 4k page, physical 12467904k(5362280k free), swap 19021756k(5120k free)

vm_info: Java HotSpot(TM) 64-Bit Server VM (25.60-b23) for windows-amd64 JRE (1.8.0_60-b27), built on Aug  4 2015 11:06:27 by "java_re" with MS VC++ 10.0 (VS2010)

time: Sun Sep 13 12:52:28 2015
elapsed time: 0 seconds (0d 0h 0m 0s)

